Determining if the pthread_create exist failed with the following output:
Change Dir: /home/liusida/code/cmake_6070/build/CMakeFiles/CMakeTmp

Run Build Command:"/usr/bin/make" "cmTC_8d313/fast"
/usr/bin/make -f CMakeFiles/cmTC_8d313.dir/build.make CMakeFiles/cmTC_8d313.dir/build
make[1]: Entering directory '/home/liusida/code/cmake_6070/build/CMakeFiles/CMakeTmp'
Building CXX object CMakeFiles/cmTC_8d313.dir/CheckSymbolExists.cxx.o
/usr/bin/c++     -o CMakeFiles/cmTC_8d313.dir/CheckSymbolExists.cxx.o -c /home/liusida/code/cmake_6070/build/CMakeFiles/CMakeTmp/CheckSymbolExists.cxx
Linking CXX executable cmTC_8d313
/usr/bin/cmake -E cmake_link_script CMakeFiles/cmTC_8d313.dir/link.txt --verbose=1
/usr/bin/c++       CMakeFiles/cmTC_8d313.dir/CheckSymbolExists.cxx.o  -o cmTC_8d313 
/usr/bin/ld: CMakeFiles/cmTC_8d313.dir/CheckSymbolExists.cxx.o: in function `main':
CheckSymbolExists.cxx:(.text+0x1f): undefined reference to `pthread_create'
collect2: error: ld returned 1 exit status
make[1]: *** [CMakeFiles/cmTC_8d313.dir/build.make:87: cmTC_8d313] Error 1
make[1]: Leaving directory '/home/liusida/code/cmake_6070/build/CMakeFiles/CMakeTmp'
make: *** [Makefile:121: cmTC_8d313/fast] Error 2

File /home/liusida/code/cmake_6070/build/CMakeFiles/CMakeTmp/CheckSymbolExists.cxx:
/* */
#include <pthread.h>

int main(int argc, char** argv)
{
  (void)argv;
#ifndef pthread_create
  return ((int*)(&pthread_create))[argc];
#else
  (void)argc;
  return 0;
#endif
}

Determining if the function pthread_create exists in the pthreads failed with the following output:
Change Dir: /home/liusida/code/cmake_6070/build/CMakeFiles/CMakeTmp

Run Build Command:"/usr/bin/make" "cmTC_60cc1/fast"
/usr/bin/make -f CMakeFiles/cmTC_60cc1.dir/build.make CMakeFiles/cmTC_60cc1.dir/build
make[1]: Entering directory '/home/liusida/code/cmake_6070/build/CMakeFiles/CMakeTmp'
Building CXX object CMakeFiles/cmTC_60cc1.dir/CheckFunctionExists.cxx.o
/usr/bin/c++    -DCHECK_FUNCTION_EXISTS=pthread_create   -o CMakeFiles/cmTC_60cc1.dir/CheckFunctionExists.cxx.o -c /home/liusida/code/cmake_6070/build/CMakeFiles/CheckLibraryExists/CheckFunctionExists.cxx
Linking CXX executable cmTC_60cc1
/usr/bin/cmake -E cmake_link_script CMakeFiles/cmTC_60cc1.dir/link.txt --verbose=1
/usr/bin/c++   -DCHECK_FUNCTION_EXISTS=pthread_create    CMakeFiles/cmTC_60cc1.dir/CheckFunctionExists.cxx.o  -o cmTC_60cc1 -lpthreads 
/usr/bin/ld: cannot find -lpthreads
collect2: error: ld returned 1 exit status
make[1]: *** [CMakeFiles/cmTC_60cc1.dir/build.make:87: cmTC_60cc1] Error 1
make[1]: Leaving directory '/home/liusida/code/cmake_6070/build/CMakeFiles/CMakeTmp'
make: *** [Makefile:121: cmTC_60cc1/fast] Error 2


